#-----------------------------------------------------------
# Vivado v2018.3 (64-bit)
# SW Build 2405991 on Thu Dec  6 23:38:27 MST 2018
# IP Build 2404404 on Fri Dec  7 01:43:56 MST 2018
# Start of session at: Fri Aug  5 19:42:33 2022
# Process ID: 21956
# Current directory: C:/Users/hasan/Desktop/TOBB CS Hasan TUNA/21-22/SUMMER/BIL265/Project/Project_Final
# Command line: vivado.exe -gui_launcher_event rodinguilauncherevent19920 C:\Users\hasan\Desktop\TOBB CS Hasan TUNA\21-22\SUMMER\BIL265\Project\Project_Final\Project_Final.xpr
# Log file: C:/Users/hasan/Desktop/TOBB CS Hasan TUNA/21-22/SUMMER/BIL265/Project/Project_Final/vivado.log
# Journal file: C:/Users/hasan/Desktop/TOBB CS Hasan TUNA/21-22/SUMMER/BIL265/Project/Project_Final\vivado.jou
#-----------------------------------------------------------
start_gui
open_project {C:/Users/hasan/Desktop/TOBB CS Hasan TUNA/21-22/SUMMER/BIL265/Project/Project_Final/Project_Final.xpr}
INFO: [ProjectBase 1-489] The host OS only allows 260 characters in a normal path. The project is stored in a path with more than 80 characters. If you experience issues with IP, Block Designs, or files not being found, please consider moving the project to a location with a shorter path. Alternately consider using the OS subst command to map part of the path to a drive letter.
Current project path is 'C:/Users/hasan/Desktop/TOBB CS Hasan TUNA/21-22/SUMMER/BIL265/Project/Project_Final'
Scanning sources...
Finished scanning sources
INFO: [IP_Flow 19-234] Refreshing IP repositories
INFO: [IP_Flow 19-1704] No user IP repositories specified
INFO: [IP_Flow 19-2313] Loaded Vivado IP repository 'D:/Xilinx/Vivado/2018.3/data/ip'.
open_project: Time (s): cpu = 00:00:06 ; elapsed = 00:00:05 . Memory (MB): peak = 691.109 ; gain = 78.012
update_compile_order -fileset sources_1
set_property SOURCE_SET sources_1 [get_filesets sim_1]
close [ open {C:/Users/hasan/Desktop/TOBB CS Hasan TUNA/21-22/SUMMER/BIL265/Project/Project_Final/Project_Final.srcs/sim_1/new/tb_asal_sayi.v} w ]
add_files -fileset sim_1 {{C:/Users/hasan/Desktop/TOBB CS Hasan TUNA/21-22/SUMMER/BIL265/Project/Project_Final/Project_Final.srcs/sim_1/new/tb_asal_sayi.v}}
update_compile_order -fileset sim_1
set_property top controller [get_filesets sim_1]
set_property top_lib xil_defaultlib [get_filesets sim_1]
update_compile_order -fileset sim_1
exit
INFO: [Common 17-206] Exiting Vivado at Fri Aug  5 19:45:19 2022...
